<?xml version="1.0" encoding="UTF-8"?>
<!-- Generated by org.testng.reporters.JUnitReportReporter -->
<testsuite skipped="0" hostname="Murshi-PC" name="com.hcl.orangeHRM.qa.testcases.LoginOrangeHRMTest" tests="3" failures="0" timestamp="16 Jan 2019 16:40:31 GMT" time="13.968" errors="0">
  <testcase name="loginPageTitleTest" time="0.016" classname="com.hcl.orangeHRM.qa.testcases.LoginOrangeHRMTest"/>
  <testcase name="loginPageLogoTest" time="0.319" classname="com.hcl.orangeHRM.qa.testcases.LoginOrangeHRMTest"/>
  <testcase name="verifyLoginfunction" time="13.633" classname="com.hcl.orangeHRM.qa.testcases.LoginOrangeHRMTest"/>
</testsuite> <!-- com.hcl.orangeHRM.qa.testcases.LoginOrangeHRMTest -->
